\BOOKMARK [-1][-]{chapter*.2}{Introduction}{}% 1
\BOOKMARK [0][-]{chapter.1}{L'Hétérogénéité des Communications}{chapter*.2}% 2
\BOOKMARK [1][-]{section.1.1}{Modélisation des Performances d'un Réseau}{chapter.1}% 3
\BOOKMARK [2][-]{subsection.1.1.1}{Exécution dans les systèmes distribués}{section.1.1}% 4
\BOOKMARK [2][-]{subsection.1.1.2}{Modélisation des Communications}{section.1.1}% 5
\BOOKMARK [1][-]{section.1.2}{Modélisation de l'Opération de Diffusion Broadcast}{chapter.1}% 6
\BOOKMARK [2][-]{subsection.1.2.1}{Modélisation d'un Broadcast dans un réseaux homogène}{section.1.2}% 7
\BOOKMARK [2][-]{subsection.1.2.2}{Modélisation du Broadcast dans une Grille}{section.1.2}% 8
\BOOKMARK [3][-]{subsubsection.1.2.2.1}{Heuristiques Traditionnelles}{subsection.1.2.2}% 9
\BOOKMARK [3][-]{subsubsection.1.2.2.2}{Heuristiques "grid-aware"}{subsection.1.2.2}% 10
\BOOKMARK [2][-]{subsection.1.2.3}{Évaluation pratique}{section.1.2}% 11
\BOOKMARK [1][-]{section.1.3}{Amélioration de la performance de MPI\137AlltoAll sur un grid}{chapter.1}% 12
\BOOKMARK [2][-]{subsection.1.3.1}{Définitions}{section.1.3}% 13
\BOOKMARK [2][-]{subsection.1.3.2}{Modélisation de la congestion du réseau}{section.1.3}% 14
\BOOKMARK [2][-]{subsection.1.3.3}{Modélisation de la congestion dans un cluster homogène}{section.1.3}% 15
\BOOKMARK [2][-]{subsection.1.3.4}{L'algorithme LG}{section.1.3}% 16
\BOOKMARK [1][-]{section.1.4}{Bilan et Perspectives}{chapter.1}% 17
\BOOKMARK [0][-]{chapter.2}{L'hétérogénéité des Données}{chapter*.2}% 18
\BOOKMARK [1][-]{section.2.1}{L'Hétérogénéité des Données - la grille GRAPP\046S}{chapter.2}% 19
\BOOKMARK [2][-]{subsection.2.1.1}{Introduction}{section.2.1}% 20
\BOOKMARK [1][-]{section.2.2}{L'Architecture GRAPP\046S }{chapter.2}% 21
\BOOKMARK [2][-]{subsection.2.2.1}{Définitions}{section.2.2}% 22
\BOOKMARK [2][-]{subsection.2.2.2}{Communication et les réseaux overlay}{section.2.2}% 23
\BOOKMARK [2][-]{subsection.2.2.3}{Éléments de l'Architecture GRAPP\046S}{section.2.2}% 24
\BOOKMARK [1][-]{section.2.3}{Gestion de la Communauté}{chapter.2}% 25
\BOOKMARK [2][-]{subsection.2.3.1}{Gestion des N\234uds}{section.2.3}% 26
\BOOKMARK [2][-]{subsection.2.3.2}{Algorithmes d'élection}{section.2.3}% 27
\BOOKMARK [1][-]{section.2.4}{Opérations dans GRAPP\046S}{chapter.2}% 28
\BOOKMARK [2][-]{subsection.2.4.1}{Stockage et Indexation}{section.2.4}% 29
\BOOKMARK [2][-]{subsection.2.4.2}{Recherche}{section.2.4}% 30
\BOOKMARK [1][-]{section.2.5}{Bilan et Perspectives}{chapter.2}% 31
\BOOKMARK [0][-]{chapter.3}{L'hétérogénéité des Ressources de Calcul}{chapter*.2}% 32
\BOOKMARK [1][-]{section.3.1}{Hétérogénéité des Tâches - application à la recherche en amarrage moléculaire}{chapter.3}% 33
\BOOKMARK [2][-]{subsection.3.1.1}{Travaux proches et méthodologie de parallélisation}{section.3.1}% 34
\BOOKMARK [2][-]{subsection.3.1.2}{Parallélisme Intérieur : décomposition des tâches}{section.3.1}% 35
\BOOKMARK [3][-]{subsubsection.3.1.2.1}{Décomposition géométrique arbitraire}{subsection.3.1.2}% 36
\BOOKMARK [3][-]{subsubsection.3.1.2.2}{Décomposition géométrique avec superposition}{subsection.3.1.2}% 37
\BOOKMARK [3][-]{subsubsection.3.1.2.3}{Recherche de cavités}{subsection.3.1.2}% 38
\BOOKMARK [2][-]{subsection.3.1.3}{Gestion et déploiement des tâches de calcul}{section.3.1}% 39
\BOOKMARK [3][-]{subsubsection.3.1.3.1}{Optimisation aux clusters HPC}{subsection.3.1.3}% 40
\BOOKMARK [2][-]{subsection.3.1.4}{Évaluation pratique}{section.3.1}% 41
\BOOKMARK [1][-]{section.3.2}{Hétérogénéité des Ressources de Calcul - adaptation de Apache Hadoop aux grilles pervasives}{chapter.3}% 42
\BOOKMARK [2][-]{subsection.3.2.1}{Architecture et Ordonnancement dans Hadoop }{section.3.2}% 43
\BOOKMARK [2][-]{subsection.3.2.2}{État de l'Art}{section.3.2}% 44
\BOOKMARK [2][-]{subsection.3.2.3}{Ordonnancement Orienté par le Contexte}{section.3.2}% 45
\BOOKMARK [3][-]{subsubsection.3.2.3.1}{Le collecteur de contexte}{subsection.3.2.3}% 46
\BOOKMARK [3][-]{subsubsection.3.2.3.2}{Communication}{subsection.3.2.3}% 47
\BOOKMARK [2][-]{subsection.3.2.4}{Évaluation Pratique}{section.3.2}% 48
\BOOKMARK [3][-]{subsubsection.3.2.4.1}{Benchmarks et environnement de test}{subsection.3.2.4}% 49
\BOOKMARK [3][-]{subsubsection.3.2.4.2}{Résultats}{subsection.3.2.4}% 50
\BOOKMARK [1][-]{section.3.3}{Bilan et Perspectives}{chapter.3}% 51
\BOOKMARK [0][-]{chapter.4}{CloudFIT : un intergiciel pour le Fog Computing et l'Internet des Objets}{chapter*.2}% 52
\BOOKMARK [1][-]{section.4.1}{Introduction}{chapter.4}% 53
\BOOKMARK [1][-]{section.4.2}{État de l'art}{chapter.4}% 54
\BOOKMARK [1][-]{section.4.3}{De CONFIIT à CloudFIT}{chapter.4}% 55
\BOOKMARK [2][-]{subsection.4.3.1}{Spécification des Besoins}{section.4.3}% 56
\BOOKMARK [2][-]{subsection.4.3.2}{Architecture}{section.4.3}% 57
\BOOKMARK [2][-]{subsection.4.3.3}{Communication}{section.4.3}% 58
\BOOKMARK [1][-]{section.4.4}{Calcul Multi-échelle et le Fog}{chapter.4}% 59
\BOOKMARK [2][-]{subsection.4.4.1}{Clustering}{section.4.4}% 60
\BOOKMARK [2][-]{subsection.4.4.2}{Optimisations pour le big data}{section.4.4}% 61
\BOOKMARK [1][-]{section.4.5}{Exemples d'Utilisation de CloudFIT}{chapter.4}% 62
\BOOKMARK [2][-]{subsection.4.5.1}{L'application WordCount}{section.4.5}% 63
\BOOKMARK [3][-]{subsubsection.4.5.1.1}{Impact de la volatilité}{subsection.4.5.1}% 64
\BOOKMARK [3][-]{subsubsection.4.5.1.2}{Impact de l'hétérogénéité}{subsection.4.5.1}% 65
\BOOKMARK [2][-]{subsection.4.5.2}{Détection d'Événements Sécondaires de la Couche d'Ozone}{section.4.5}% 66
\BOOKMARK [3][-]{subsubsection.4.5.2.1}{Identification des Événements Secondaires de l'Ozone avec CloudFIT}{subsection.4.5.2}% 67
\BOOKMARK [3][-]{subsubsection.4.5.2.2}{Pré-traitement des données}{subsection.4.5.2}% 68
\BOOKMARK [3][-]{subsubsection.4.5.2.3}{Analyse des séries temporelles et la détection des OSE}{subsection.4.5.2}% 69
\BOOKMARK [3][-]{subsubsection.4.5.2.4}{Résultats Préliminaires}{subsection.4.5.2}% 70
\BOOKMARK [1][-]{section.4.6}{Bilan et Perspectives}{chapter.4}% 71
\BOOKMARK [-1][-]{section.4.6}{Conclusion et perspectives}{}% 72
\BOOKMARK [-1][-]{section.4.6}{Publications personnelles}{}% 73
\BOOKMARK [0][-]{section*.31}{Bibliographie}{section.4.6}% 74
